<?xml version="1.0" encoding="utf-8"?>
<TestRun id="0815a35e-507b-40f5-a0db-5dde6c1f30f9" name="Artur@ARTUR 2023-05-12 13:42:48" runUser="51DEGREES\Artur" xmlns="http://microsoft.com/schemas/VisualStudio/TeamTest/2010">
  <Times creation="2023-05-12T13:42:48.1243611+01:00" queuing="2023-05-12T13:42:48.1243613+01:00" start="2023-05-12T13:42:46.1583960+01:00" finish="2023-05-12T13:42:48.1250884+01:00" />
  <TestSettings name="default" id="fe62a896-5451-40b9-a224-b69269a38fce">
    <Deployment runDeploymentRoot="Artur_ARTUR_2023-05-12_13_42_48" />
  </TestSettings>
  <TestLists>
    <TestList name="Results Not in a List" id="8c84fa94-04c1-424b-9868-57a2d4851a1d" />
    <TestList name="All Loaded Results" id="19431567-8539-422a-85d7-44ee4e166bda" />
  </TestLists>
  <ResultSummary outcome="Completed">
    <Counters total="0" executed="0" passed="0" failed="0" error="0" timeout="0" aborted="0" inconclusive="0" passedButRunAborted="0" notRunnable="0" notExecuted="0" disconnected="0" warning="0" completed="0" inProgress="0" pending="0" />
    <RunInfos>
      <RunInfo computerName="ARTUR" outcome="Warning" timestamp="2023-05-12T13:42:47.8694960+01:00">
        <Text>No test matches the given testcase filter `FullyQualifiedName~Performance|TestCategory=Performance` in C:\Workspace\common-ci\caching-dotnet\FiftyOne.Caching.Tests\bin\Release\net6.0\win-Any CPU\FiftyOne.Caching.Tests.dll</Text>
      </RunInfo>
    </RunInfos>
  </ResultSummary>
</TestRun>