<?xml version="1.0" encoding="utf-8"?>
<TestRun id="8f253cd7-112c-4d03-a228-c2c329c89053" name="Artur@ARTUR 2023-05-12 13:41:48" runUser="51DEGREES\Artur" xmlns="http://microsoft.com/schemas/VisualStudio/TeamTest/2010">
  <Times creation="2023-05-12T13:41:48.7072197+01:00" queuing="2023-05-12T13:41:48.7072200+01:00" start="2023-05-12T13:41:46.7647498+01:00" finish="2023-05-12T13:41:48.7081635+01:00" />
  <TestSettings name="default" id="4005d725-f465-41d6-ba5c-e1d3e0050614">
    <Deployment runDeploymentRoot="Artur_ARTUR_2023-05-12_13_41_48" />
  </TestSettings>
  <TestLists>
    <TestList name="Results Not in a List" id="8c84fa94-04c1-424b-9868-57a2d4851a1d" />
    <TestList name="All Loaded Results" id="19431567-8539-422a-85d7-44ee4e166bda" />
  </TestLists>
  <ResultSummary outcome="Completed">
    <Counters total="0" executed="0" passed="0" failed="0" error="0" timeout="0" aborted="0" inconclusive="0" passedButRunAborted="0" notRunnable="0" notExecuted="0" disconnected="0" warning="0" completed="0" inProgress="0" pending="0" />
    <RunInfos>
      <RunInfo computerName="ARTUR" outcome="Warning" timestamp="2023-05-12T13:41:48.4898596+01:00">
        <Text>No test matches the given testcase filter `FullyQualifiedName~Integration|TestCategory=Integration` in C:\Workspace\common-ci\caching-dotnet\FiftyOne.Caching.Tests\bin\Release\net6.0\win-Any CPU\FiftyOne.Caching.Tests.dll</Text>
      </RunInfo>
    </RunInfos>
  </ResultSummary>
</TestRun>