<?xml version="1.0" encoding="utf-8"?>
<TestRun id="64aceabc-fe3b-4501-bccf-80946d4ca5eb" name="Artur@ARTUR 2023-05-12 13:40:31" runUser="51DEGREES\Artur" xmlns="http://microsoft.com/schemas/VisualStudio/TeamTest/2010">
  <Times creation="2023-05-12T13:40:31.0743409+01:00" queuing="2023-05-12T13:40:31.0743411+01:00" start="2023-05-12T13:40:26.5675776+01:00" finish="2023-05-12T13:40:32.7270726+01:00" />
  <TestSettings name="default" id="e67df52e-b802-4c73-83c0-0537ec15715a">
    <Deployment runDeploymentRoot="Artur_ARTUR_2023-05-12_13_40_31" />
  </TestSettings>
  <Results>
    <UnitTestResult executionId="fc3c6cfb-94f7-4526-90de-9bc4fdcbee4f" testId="037ea59d-fd4b-7c03-4314-4fec064ddc63" testName="LoadingDictionary_GetNull" computerName="ARTUR" duration="00:00:00.0007475" startTime="2023-05-12T13:40:31.7220953+01:00" endTime="2023-05-12T13:40:31.7229871+01:00" testType="13cdc9d9-ddb5-4fa4-a97d-d965ccfc6d4b" outcome="Passed" testListId="8c84fa94-04c1-424b-9868-57a2d4851a1d" relativeResultsDirectory="fc3c6cfb-94f7-4526-90de-9bc4fdcbee4f" />
    <UnitTestResult executionId="6b7b8a8f-b59a-4f3f-a037-75d980ac596d" testId="93246dfe-256a-6986-edc4-04fb0b730e76" testName="TlruLoadingCache_Expired" computerName="ARTUR" duration="00:00:00.0159604" startTime="2023-05-12T13:40:31.7715104+01:00" endTime="2023-05-12T13:40:31.7875793+01:00" testType="13cdc9d9-ddb5-4fa4-a97d-d965ccfc6d4b" outcome="Passed" testListId="8c84fa94-04c1-424b-9868-57a2d4851a1d" relativeResultsDirectory="6b7b8a8f-b59a-4f3f-a037-75d980ac596d" />
    <UnitTestResult executionId="4c3a1caf-249c-4149-8e1f-add835a488f5" testId="b0228bc5-eea3-9553-218b-297952c637a7" testName="LruLoadingCache_Get2" computerName="ARTUR" duration="00:00:00.0007283" startTime="2023-05-12T13:40:31.7687107+01:00" endTime="2023-05-12T13:40:31.7695662+01:00" testType="13cdc9d9-ddb5-4fa4-a97d-d965ccfc6d4b" outcome="Passed" testListId="8c84fa94-04c1-424b-9868-57a2d4851a1d" relativeResultsDirectory="4c3a1caf-249c-4149-8e1f-add835a488f5" />
    <UnitTestResult executionId="7a74795a-ad6f-4d71-88f4-0e0aa0dfe653" testId="3fb98693-c293-79d2-69ed-14a7460fd432" testName="LoadingDictionary_GetConcurrentMisses" computerName="ARTUR" duration="00:00:00.0017366" startTime="2023-05-12T13:40:30.9267338+01:00" endTime="2023-05-12T13:40:30.9286518+01:00" testType="13cdc9d9-ddb5-4fa4-a97d-d965ccfc6d4b" outcome="Passed" testListId="8c84fa94-04c1-424b-9868-57a2d4851a1d" relativeResultsDirectory="7a74795a-ad6f-4d71-88f4-0e0aa0dfe653" />
    <UnitTestResult executionId="4274cf92-39a5-4f14-a284-1e4bc42af2cc" testId="9ac3c376-2aea-0350-d594-7262fbb56c71" testName="LruPutCache_Replace_MultipleLists" computerName="ARTUR" duration="00:00:00.0016685" startTime="2023-05-12T13:40:32.5551762+01:00" endTime="2023-05-12T13:40:32.5569353+01:00" testType="13cdc9d9-ddb5-4fa4-a97d-d965ccfc6d4b" outcome="Passed" testListId="8c84fa94-04c1-424b-9868-57a2d4851a1d" relativeResultsDirectory="4274cf92-39a5-4f14-a284-1e4bc42af2cc" />
    <UnitTestResult executionId="4744ac89-a49c-4d42-b5da-382382f98703" testId="4344d754-5f4b-f9ac-a53a-6a3c02da65d2" testName="LoadingDictionary_GetUnresponsive" computerName="ARTUR" duration="00:00:00.0020524" startTime="2023-05-12T13:40:31.6988177+01:00" endTime="2023-05-12T13:40:31.7009787+01:00" testType="13cdc9d9-ddb5-4fa4-a97d-d965ccfc6d4b" outcome="Passed" testListId="8c84fa94-04c1-424b-9868-57a2d4851a1d" relativeResultsDirectory="4744ac89-a49c-4d42-b5da-382382f98703" />
    <UnitTestResult executionId="f5ad28fb-09c4-4a31-83ff-1cb602a62894" testId="ce8b55f0-1556-17bc-2b93-aaf714b0b932" testName="LoadingDictionary_TryGetNotPreloaded" computerName="ARTUR" duration="00:00:00.0013159" startTime="2023-05-12T13:40:31.2299481+01:00" endTime="2023-05-12T13:40:31.2314058+01:00" testType="13cdc9d9-ddb5-4fa4-a97d-d965ccfc6d4b" outcome="Passed" testListId="8c84fa94-04c1-424b-9868-57a2d4851a1d" relativeResultsDirectory="f5ad28fb-09c4-4a31-83ff-1cb602a62894" />
    <UnitTestResult executionId="c623315b-c2ca-419e-8bac-d83c2ba27aba" testId="9cdecb1d-6c9f-1f9b-99e6-37be079dd57d" testName="LoadingDictionary_TryGetFailedIsRemoved" computerName="ARTUR" duration="00:00:00.0009577" startTime="2023-05-12T13:40:31.6956936+01:00" endTime="2023-05-12T13:40:31.6969079+01:00" testType="13cdc9d9-ddb5-4fa4-a97d-d965ccfc6d4b" outcome="Passed" testListId="8c84fa94-04c1-424b-9868-57a2d4851a1d" relativeResultsDirectory="c623315b-c2ca-419e-8bac-d83c2ba27aba" />
    <UnitTestResult executionId="02011b28-572e-4b31-93fc-0648d87a22af" testId="08fda307-b19d-5b05-c134-386585cd9adb" testName="LruPutCache_Get" computerName="ARTUR" duration="00:00:00.0004834" startTime="2023-05-12T13:40:31.7934505+01:00" endTime="2023-05-12T13:40:31.7941732+01:00" testType="13cdc9d9-ddb5-4fa4-a97d-d965ccfc6d4b" outcome="Passed" testListId="8c84fa94-04c1-424b-9868-57a2d4851a1d" relativeResultsDirectory="02011b28-572e-4b31-93fc-0648d87a22af" />
    <UnitTestResult executionId="47b910fa-7352-44b5-9061-049ef11ca2f6" testId="0a1deece-9c5f-9738-5749-4e02c5a720da" testName="LoadingDictionary_TryGetNull" computerName="ARTUR" duration="00:00:00.0003819" startTime="2023-05-12T13:40:31.7249530+01:00" endTime="2023-05-12T13:40:31.7256425+01:00" testType="13cdc9d9-ddb5-4fa4-a97d-d965ccfc6d4b" outcome="Passed" testListId="8c84fa94-04c1-424b-9868-57a2d4851a1d" relativeResultsDirectory="47b910fa-7352-44b5-9061-049ef11ca2f6" />
    <UnitTestResult executionId="72cf704c-60ad-4805-abb8-2f4a1697ea89" testId="8ea1e32e-c6a6-3303-d694-f2b4a3fb8998" testName="LoadingDictionary_TryGetFails" computerName="ARTUR" duration="00:00:00.0005720" startTime="2023-05-12T13:40:30.9905915+01:00" endTime="2023-05-12T13:40:30.9913512+01:00" testType="13cdc9d9-ddb5-4fa4-a97d-d965ccfc6d4b" outcome="Passed" testListId="8c84fa94-04c1-424b-9868-57a2d4851a1d" relativeResultsDirectory="72cf704c-60ad-4805-abb8-2f4a1697ea89" />
    <UnitTestResult executionId="49ea9402-fe93-4b55-b5b9-dcf87f6ca249" testId="76fcf80d-1cfa-d9fc-77ff-dfd09a133dc8" testName="LoadingDictionary_GetConcurrentHits" computerName="ARTUR" duration="00:00:00.0279494" startTime="2023-05-12T13:40:30.8956824+01:00" endTime="2023-05-12T13:40:30.9238199+01:00" testType="13cdc9d9-ddb5-4fa4-a97d-d965ccfc6d4b" outcome="Passed" testListId="8c84fa94-04c1-424b-9868-57a2d4851a1d" relativeResultsDirectory="49ea9402-fe93-4b55-b5b9-dcf87f6ca249" />
    <UnitTestResult executionId="d7f5e0bd-703b-4538-b739-6f5257fd909d" testId="4c39a085-b22a-ab21-2d67-1e620ae3ad52" testName="LoadingDictionary_GetMiss" computerName="ARTUR" duration="00:00:00.1435410" startTime="2023-05-12T13:40:30.6462294+01:00" endTime="2023-05-12T13:40:30.8509535+01:00" testType="13cdc9d9-ddb5-4fa4-a97d-d965ccfc6d4b" outcome="Passed" testListId="8c84fa94-04c1-424b-9868-57a2d4851a1d" relativeResultsDirectory="d7f5e0bd-703b-4538-b739-6f5257fd909d" />
    <UnitTestResult executionId="6bd782c4-513b-4b89-a78e-6fb978cf9d02" testId="63b63416-b643-cb9f-0639-95d9e303082d" testName="LoadingDictionary_GetNotPreloaded" computerName="ARTUR" duration="00:00:00.0017676" startTime="2023-05-12T13:40:31.2257067+01:00" endTime="2023-05-12T13:40:31.2276030+01:00" testType="13cdc9d9-ddb5-4fa4-a97d-d965ccfc6d4b" outcome="Passed" testListId="8c84fa94-04c1-424b-9868-57a2d4851a1d" relativeResultsDirectory="6bd782c4-513b-4b89-a78e-6fb978cf9d02" />
    <UnitTestResult executionId="2e5b3467-fff9-4b9a-84ef-199b05e045b8" testId="940b38b4-fefe-5936-ccd2-62727a14af7a" testName="LoadingDictionary_GetHit" computerName="ARTUR" duration="00:00:00.0012404" startTime="2023-05-12T13:40:30.8884473+01:00" endTime="2023-05-12T13:40:30.8898537+01:00" testType="13cdc9d9-ddb5-4fa4-a97d-d965ccfc6d4b" outcome="Passed" testListId="8c84fa94-04c1-424b-9868-57a2d4851a1d" relativeResultsDirectory="2e5b3467-fff9-4b9a-84ef-199b05e045b8" />
    <UnitTestResult executionId="356ec8fd-f561-4f64-97ac-9c3517090854" testId="07effa94-37f2-1cfc-2957-685f3942b1fb" testName="LoadingDictionary_TryGetConcurrentMisses" computerName="ARTUR" duration="00:00:00.0012825" startTime="2023-05-12T13:40:30.9377656+01:00" endTime="2023-05-12T13:40:30.9391801+01:00" testType="13cdc9d9-ddb5-4fa4-a97d-d965ccfc6d4b" outcome="Passed" testListId="8c84fa94-04c1-424b-9868-57a2d4851a1d" relativeResultsDirectory="356ec8fd-f561-4f64-97ac-9c3517090854" />
    <UnitTestResult executionId="5efa872e-8de6-4df9-bab3-fd719c732b1b" testId="bd30edd6-d01e-2aa2-f694-73376019a23d" testName="LruLoadingCache_Get" computerName="ARTUR" duration="00:00:00.0348637" startTime="2023-05-12T13:40:31.7314423+01:00" endTime="2023-05-12T13:40:31.7665481+01:00" testType="13cdc9d9-ddb5-4fa4-a97d-d965ccfc6d4b" outcome="Passed" testListId="8c84fa94-04c1-424b-9868-57a2d4851a1d" relativeResultsDirectory="5efa872e-8de6-4df9-bab3-fd719c732b1b" />
    <UnitTestResult executionId="8b9ddf3b-d079-4ba8-bdb5-e062cddd1644" testId="09a302c9-35de-1781-fb44-fb0d541353fa" testName="LruPutCache_LruPolicyCheck2" computerName="ARTUR" duration="00:00:00.0002658" startTime="2023-05-12T13:40:31.8006379+01:00" endTime="2023-05-12T13:40:31.8009945+01:00" testType="13cdc9d9-ddb5-4fa4-a97d-d965ccfc6d4b" outcome="Passed" testListId="8c84fa94-04c1-424b-9868-57a2d4851a1d" relativeResultsDirectory="8b9ddf3b-d079-4ba8-bdb5-e062cddd1644" />
    <UnitTestResult executionId="15255632-1422-433b-8e6a-8481dd8a2e89" testId="1bf629fb-583d-68fe-1daf-400f056dc864" testName="LruPutCache_LruPolicyCheck" computerName="ARTUR" duration="00:00:00.0003097" startTime="2023-05-12T13:40:31.7984190+01:00" endTime="2023-05-12T13:40:31.7988310+01:00" testType="13cdc9d9-ddb5-4fa4-a97d-d965ccfc6d4b" outcome="Passed" testListId="8c84fa94-04c1-424b-9868-57a2d4851a1d" relativeResultsDirectory="15255632-1422-433b-8e6a-8481dd8a2e89" />
    <UnitTestResult executionId="c4d1f948-4724-43b9-9e95-8dac8706b631" testId="56c72f1b-edf2-fd6b-22f7-c96ea3c275e0" testName="LoadingDictionary_TryGetConcurrentHits" computerName="ARTUR" duration="00:00:00.0037981" startTime="2023-05-12T13:40:30.9312390+01:00" endTime="2023-05-12T13:40:30.9351667+01:00" testType="13cdc9d9-ddb5-4fa4-a97d-d965ccfc6d4b" outcome="Passed" testListId="8c84fa94-04c1-424b-9868-57a2d4851a1d" relativeResultsDirectory="c4d1f948-4724-43b9-9e95-8dac8706b631" />
    <UnitTestResult executionId="88171926-a019-4039-8fa4-071247491ff5" testId="fe0773a0-d73e-9781-de11-824ce054c695" testName="LruPutCache_NoValue" computerName="ARTUR" duration="00:00:00.0001188" startTime="2023-05-12T13:40:31.7963147+01:00" endTime="2023-05-12T13:40:31.7965540+01:00" testType="13cdc9d9-ddb5-4fa4-a97d-d965ccfc6d4b" outcome="Passed" testListId="8c84fa94-04c1-424b-9868-57a2d4851a1d" relativeResultsDirectory="88171926-a019-4039-8fa4-071247491ff5" />
    <UnitTestResult executionId="6416d913-e5a1-4ebf-b592-554b0821010b" testId="52713616-6f2b-1e03-71da-5f0ed03999a2" testName="TlruLoadingCache_NotExpired" computerName="ARTUR" duration="00:00:00.0009432" startTime="2023-05-12T13:40:31.7901735+01:00" endTime="2023-05-12T13:40:31.7912387+01:00" testType="13cdc9d9-ddb5-4fa4-a97d-d965ccfc6d4b" outcome="Passed" testListId="8c84fa94-04c1-424b-9868-57a2d4851a1d" relativeResultsDirectory="6416d913-e5a1-4ebf-b592-554b0821010b" />
    <UnitTestResult executionId="154bc987-a0e3-482f-b333-922063195571" testId="2ce94b39-cf49-aa92-2bef-de2d9094c4f5" testName="LoadingDictionary_GetCanceledIsNotReused" computerName="ARTUR" duration="00:00:00.2193822" startTime="2023-05-12T13:40:31.2346444+01:00" endTime="2023-05-12T13:40:31.4543041+01:00" testType="13cdc9d9-ddb5-4fa4-a97d-d965ccfc6d4b" outcome="Passed" testListId="8c84fa94-04c1-424b-9868-57a2d4851a1d" relativeResultsDirectory="154bc987-a0e3-482f-b333-922063195571" />
    <UnitTestResult executionId="f7d57b52-d8c7-48ea-82df-71d813b78447" testId="5ac31012-53b3-3d59-f6d2-310e75de4fb0" testName="LoadingDictionary_TryGetUnresponsive" computerName="ARTUR" duration="00:00:00.0161673" startTime="2023-05-12T13:40:31.7033660+01:00" endTime="2023-05-12T13:40:31.7197268+01:00" testType="13cdc9d9-ddb5-4fa4-a97d-d965ccfc6d4b" outcome="Passed" testListId="8c84fa94-04c1-424b-9868-57a2d4851a1d" relativeResultsDirectory="f7d57b52-d8c7-48ea-82df-71d813b78447" />
    <UnitTestResult executionId="b3d7dbf1-2b00-48b5-b535-5093f5586c20" testId="4b3894d6-4328-f03c-0874-90872abb2da3" testName="LoadingDictionary_GetPreloaded" computerName="ARTUR" duration="00:00:00.0015662" startTime="2023-05-12T13:40:31.2179718+01:00" endTime="2023-05-12T13:40:31.2197089+01:00" testType="13cdc9d9-ddb5-4fa4-a97d-d965ccfc6d4b" outcome="Passed" testListId="8c84fa94-04c1-424b-9868-57a2d4851a1d" relativeResultsDirectory="b3d7dbf1-2b00-48b5-b535-5093f5586c20" />
    <UnitTestResult executionId="41b2908b-af2d-46df-8003-e9fc7888d8f6" testId="da9e0e7e-a4a7-264a-d5ab-eac80476c3be" testName="TlruPutCache_Expired" computerName="ARTUR" duration="00:00:00.0162777" startTime="2023-05-12T13:40:32.5593397+01:00" endTime="2023-05-12T13:40:32.5757281+01:00" testType="13cdc9d9-ddb5-4fa4-a97d-d965ccfc6d4b" outcome="Passed" testListId="8c84fa94-04c1-424b-9868-57a2d4851a1d" relativeResultsDirectory="41b2908b-af2d-46df-8003-e9fc7888d8f6" />
    <UnitTestResult executionId="2b7747d6-0e29-4753-a627-48d7a6521724" testId="e9888bac-48c6-1ed9-0f05-1dbb32d39144" testName="LoadingDictionary_TryGetMiss" computerName="ARTUR" duration="00:00:00.0015953" startTime="2023-05-12T13:40:30.8837678+01:00" endTime="2023-05-12T13:40:30.8856233+01:00" testType="13cdc9d9-ddb5-4fa4-a97d-d965ccfc6d4b" outcome="Passed" testListId="8c84fa94-04c1-424b-9868-57a2d4851a1d" relativeResultsDirectory="2b7747d6-0e29-4753-a627-48d7a6521724" />
    <UnitTestResult executionId="eb2f8e5f-6d2e-4f94-a134-a308da05604e" testId="93e63913-83e4-03ae-e905-7ea46895e36c" testName="LoadingDictionary_GetFailedIsRemoved" computerName="ARTUR" duration="00:00:00.0013021" startTime="2023-05-12T13:40:31.4571620+01:00" endTime="2023-05-12T13:40:31.4586623+01:00" testType="13cdc9d9-ddb5-4fa4-a97d-d965ccfc6d4b" outcome="Passed" testListId="8c84fa94-04c1-424b-9868-57a2d4851a1d" relativeResultsDirectory="eb2f8e5f-6d2e-4f94-a134-a308da05604e" />
    <UnitTestResult executionId="8e69f008-4b15-44f2-b49e-668f0556d08c" testId="4f04b602-b18f-8c81-ba66-1909002535cf" testName="LoadingDictionary_GetFails" computerName="ARTUR" duration="00:00:00.0042948" startTime="2023-05-12T13:40:30.9417687+01:00" endTime="2023-05-12T13:40:30.9462244+01:00" testType="13cdc9d9-ddb5-4fa4-a97d-d965ccfc6d4b" outcome="Passed" testListId="8c84fa94-04c1-424b-9868-57a2d4851a1d" relativeResultsDirectory="8e69f008-4b15-44f2-b49e-668f0556d08c" />
    <UnitTestResult executionId="75a48eef-ea76-4bd4-9026-c76d2bb4d1aa" testId="78cf17e1-f5b8-45c4-3609-615d5a19083d" testName="LoadingDictionary_TryGetCanceledIsRemoved" computerName="ARTUR" duration="00:00:00.2295966" startTime="2023-05-12T13:40:31.4634210+01:00" endTime="2023-05-12T13:40:31.6932812+01:00" testType="13cdc9d9-ddb5-4fa4-a97d-d965ccfc6d4b" outcome="Passed" testListId="8c84fa94-04c1-424b-9868-57a2d4851a1d" relativeResultsDirectory="75a48eef-ea76-4bd4-9026-c76d2bb4d1aa" />
    <UnitTestResult executionId="63785601-62f5-4ebd-8e67-ae11320ecbca" testId="85a26747-5105-1506-3e15-d0f43007be56" testName="LoadingDictionary_TryGetPreloaded" computerName="ARTUR" duration="00:00:00.0012033" startTime="2023-05-12T13:40:31.2220681+01:00" endTime="2023-05-12T13:40:31.2233959+01:00" testType="13cdc9d9-ddb5-4fa4-a97d-d965ccfc6d4b" outcome="Passed" testListId="8c84fa94-04c1-424b-9868-57a2d4851a1d" relativeResultsDirectory="63785601-62f5-4ebd-8e67-ae11320ecbca" />
    <UnitTestResult executionId="b8c85557-f9a0-4490-b35d-5f4030fc18d4" testId="e0891eb8-99f2-d050-8ad8-0eea79145e1c" testName="TlruLoadingCache_NotExpired" computerName="ARTUR" duration="00:00:00.0143798" startTime="2023-05-12T13:40:32.5772340+01:00" endTime="2023-05-12T13:40:32.5930602+01:00" testType="13cdc9d9-ddb5-4fa4-a97d-d965ccfc6d4b" outcome="Passed" testListId="8c84fa94-04c1-424b-9868-57a2d4851a1d" relativeResultsDirectory="b8c85557-f9a0-4490-b35d-5f4030fc18d4" />
    <UnitTestResult executionId="268599e3-6445-43cd-b922-e0d2d6e481c3" testId="4b8fb7c5-d08d-a628-e7a2-bb7423b0a1ed" testName="LoadingDictionary_TryGetHit" computerName="ARTUR" duration="00:00:00.0004245" startTime="2023-05-12T13:40:30.8926612+01:00" endTime="2023-05-12T13:40:30.8932445+01:00" testType="13cdc9d9-ddb5-4fa4-a97d-d965ccfc6d4b" outcome="Passed" testListId="8c84fa94-04c1-424b-9868-57a2d4851a1d" relativeResultsDirectory="268599e3-6445-43cd-b922-e0d2d6e481c3" />
    <UnitTestResult executionId="17407e8b-3b98-4eff-82cd-d2b03722880d" testId="31d0f209-80f9-3b46-eb0a-144b8ce92b95" testName="LruPutCache_Replace" computerName="ARTUR" duration="00:00:00.0017227" startTime="2023-05-12T13:40:32.5516127+01:00" endTime="2023-05-12T13:40:32.5534312+01:00" testType="13cdc9d9-ddb5-4fa4-a97d-d965ccfc6d4b" outcome="Passed" testListId="8c84fa94-04c1-424b-9868-57a2d4851a1d" relativeResultsDirectory="17407e8b-3b98-4eff-82cd-d2b03722880d" />
    <UnitTestResult executionId="922be8f7-b45d-400a-9c37-d8ea486ac7ef" testId="3a64ed2b-7e48-66c4-092c-1da67d59aca6" testName="LoadingDictionary_GetCancelled" computerName="ARTUR" duration="00:00:00.1089740" startTime="2023-05-12T13:40:30.9942529+01:00" endTime="2023-05-12T13:40:31.1034237+01:00" testType="13cdc9d9-ddb5-4fa4-a97d-d965ccfc6d4b" outcome="Passed" testListId="8c84fa94-04c1-424b-9868-57a2d4851a1d" relativeResultsDirectory="922be8f7-b45d-400a-9c37-d8ea486ac7ef" />
    <UnitTestResult executionId="a448974a-85ac-4ca6-aded-535b8aae7ff2" testId="64088fd4-a221-bae7-1b21-840a5198ae08" testName="LoadingDictionary_TryGetCancelled" computerName="ARTUR" duration="00:00:00.1086760" startTime="2023-05-12T13:40:31.1063556+01:00" endTime="2023-05-12T13:40:31.2152759+01:00" testType="13cdc9d9-ddb5-4fa4-a97d-d965ccfc6d4b" outcome="Passed" testListId="8c84fa94-04c1-424b-9868-57a2d4851a1d" relativeResultsDirectory="a448974a-85ac-4ca6-aded-535b8aae7ff2" />
    <UnitTestResult executionId="eec4bf06-aafc-414a-b092-f4cc8552915a" testId="24b303b9-0604-58d8-63bb-004eb98d9338" testName="LruPutCache_HighConcurrency" computerName="ARTUR" duration="00:00:00.7398108" startTime="2023-05-12T13:40:31.8073698+01:00" endTime="2023-05-12T13:40:32.5473195+01:00" testType="13cdc9d9-ddb5-4fa4-a97d-d965ccfc6d4b" outcome="Passed" testListId="8c84fa94-04c1-424b-9868-57a2d4851a1d" relativeResultsDirectory="eec4bf06-aafc-414a-b092-f4cc8552915a" />
    <UnitTestResult executionId="cd1b70de-4b7d-4454-9c1f-8a91ba8f21b7" testId="56deebfb-5e45-deff-f83c-b2d9455a2811" testName="LruPutCache_DontReplace" computerName="ARTUR" duration="00:00:00.0008275" startTime="2023-05-12T13:40:32.5492330+01:00" endTime="2023-05-12T13:40:32.5502410+01:00" testType="13cdc9d9-ddb5-4fa4-a97d-d965ccfc6d4b" outcome="Passed" testListId="8c84fa94-04c1-424b-9868-57a2d4851a1d" relativeResultsDirectory="cd1b70de-4b7d-4454-9c1f-8a91ba8f21b7" />
  </Results>
  <TestDefinitions>
    <UnitTest name="LoadingDictionary_TryGetConcurrentMisses" storage="c:\workspace\common-ci\caching-dotnet\fiftyone.caching.tests\bin\release\net6.0\win-any cpu\fiftyone.caching.tests.dll" id="07effa94-37f2-1cfc-2957-685f3942b1fb">
      <Execution id="356ec8fd-f561-4f64-97ac-9c3517090854" />
      <TestMethod codeBase="C:\Workspace\common-ci\caching-dotnet\FiftyOne.Caching.Tests\bin\Release\net6.0\win-Any CPU\FiftyOne.Caching.Tests.dll" adapterTypeName="executor://mstestadapter/v2" className="FiftyOne.Caching.Tests.LoadingDictionaryTests" name="LoadingDictionary_TryGetConcurrentMisses" />
    </UnitTest>
    <UnitTest name="TlruLoadingCache_NotExpired" storage="c:\workspace\common-ci\caching-dotnet\fiftyone.caching.tests\bin\release\net6.0\win-any cpu\fiftyone.caching.tests.dll" id="e0891eb8-99f2-d050-8ad8-0eea79145e1c">
      <Execution id="b8c85557-f9a0-4490-b35d-5f4030fc18d4" />
      <TestMethod codeBase="C:\Workspace\common-ci\caching-dotnet\FiftyOne.Caching.Tests\bin\Release\net6.0\win-Any CPU\FiftyOne.Caching.Tests.dll" adapterTypeName="executor://mstestadapter/v2" className="FiftyOne.Caching.Tests.LruPutCacheTests" name="TlruLoadingCache_NotExpired" />
    </UnitTest>
    <UnitTest name="LoadingDictionary_GetUnresponsive" storage="c:\workspace\common-ci\caching-dotnet\fiftyone.caching.tests\bin\release\net6.0\win-any cpu\fiftyone.caching.tests.dll" id="4344d754-5f4b-f9ac-a53a-6a3c02da65d2">
      <Execution id="4744ac89-a49c-4d42-b5da-382382f98703" />
      <TestMethod codeBase="C:\Workspace\common-ci\caching-dotnet\FiftyOne.Caching.Tests\bin\Release\net6.0\win-Any CPU\FiftyOne.Caching.Tests.dll" adapterTypeName="executor://mstestadapter/v2" className="FiftyOne.Caching.Tests.LoadingDictionaryTests" name="LoadingDictionary_GetUnresponsive" />
    </UnitTest>
    <UnitTest name="LruLoadingCache_Get2" storage="c:\workspace\common-ci\caching-dotnet\fiftyone.caching.tests\bin\release\net6.0\win-any cpu\fiftyone.caching.tests.dll" id="b0228bc5-eea3-9553-218b-297952c637a7">
      <Execution id="4c3a1caf-249c-4149-8e1f-add835a488f5" />
      <TestMethod codeBase="C:\Workspace\common-ci\caching-dotnet\FiftyOne.Caching.Tests\bin\Release\net6.0\win-Any CPU\FiftyOne.Caching.Tests.dll" adapterTypeName="executor://mstestadapter/v2" className="FiftyOne.Caching.Tests.LruLoadingCacheTests" name="LruLoadingCache_Get2" />
    </UnitTest>
    <UnitTest name="LruPutCache_Get" storage="c:\workspace\common-ci\caching-dotnet\fiftyone.caching.tests\bin\release\net6.0\win-any cpu\fiftyone.caching.tests.dll" id="08fda307-b19d-5b05-c134-386585cd9adb">
      <Execution id="02011b28-572e-4b31-93fc-0648d87a22af" />
      <TestMethod codeBase="C:\Workspace\common-ci\caching-dotnet\FiftyOne.Caching.Tests\bin\Release\net6.0\win-Any CPU\FiftyOne.Caching.Tests.dll" adapterTypeName="executor://mstestadapter/v2" className="FiftyOne.Caching.Tests.LruPutCacheTests" name="LruPutCache_Get" />
    </UnitTest>
    <UnitTest name="LoadingDictionary_TryGetMiss" storage="c:\workspace\common-ci\caching-dotnet\fiftyone.caching.tests\bin\release\net6.0\win-any cpu\fiftyone.caching.tests.dll" id="e9888bac-48c6-1ed9-0f05-1dbb32d39144">
      <Execution id="2b7747d6-0e29-4753-a627-48d7a6521724" />
      <TestMethod codeBase="C:\Workspace\common-ci\caching-dotnet\FiftyOne.Caching.Tests\bin\Release\net6.0\win-Any CPU\FiftyOne.Caching.Tests.dll" adapterTypeName="executor://mstestadapter/v2" className="FiftyOne.Caching.Tests.LoadingDictionaryTests" name="LoadingDictionary_TryGetMiss" />
    </UnitTest>
    <UnitTest name="LoadingDictionary_TryGetFails" storage="c:\workspace\common-ci\caching-dotnet\fiftyone.caching.tests\bin\release\net6.0\win-any cpu\fiftyone.caching.tests.dll" id="8ea1e32e-c6a6-3303-d694-f2b4a3fb8998">
      <Execution id="72cf704c-60ad-4805-abb8-2f4a1697ea89" />
      <TestMethod codeBase="C:\Workspace\common-ci\caching-dotnet\FiftyOne.Caching.Tests\bin\Release\net6.0\win-Any CPU\FiftyOne.Caching.Tests.dll" adapterTypeName="executor://mstestadapter/v2" className="FiftyOne.Caching.Tests.LoadingDictionaryTests" name="LoadingDictionary_TryGetFails" />
    </UnitTest>
    <UnitTest name="LoadingDictionary_TryGetPreloaded" storage="c:\workspace\common-ci\caching-dotnet\fiftyone.caching.tests\bin\release\net6.0\win-any cpu\fiftyone.caching.tests.dll" id="85a26747-5105-1506-3e15-d0f43007be56">
      <Execution id="63785601-62f5-4ebd-8e67-ae11320ecbca" />
      <TestMethod codeBase="C:\Workspace\common-ci\caching-dotnet\FiftyOne.Caching.Tests\bin\Release\net6.0\win-Any CPU\FiftyOne.Caching.Tests.dll" adapterTypeName="executor://mstestadapter/v2" className="FiftyOne.Caching.Tests.LoadingDictionaryTests" name="LoadingDictionary_TryGetPreloaded" />
    </UnitTest>
    <UnitTest name="LoadingDictionary_TryGetFailedIsRemoved" storage="c:\workspace\common-ci\caching-dotnet\fiftyone.caching.tests\bin\release\net6.0\win-any cpu\fiftyone.caching.tests.dll" id="9cdecb1d-6c9f-1f9b-99e6-37be079dd57d">
      <Execution id="c623315b-c2ca-419e-8bac-d83c2ba27aba" />
      <TestMethod codeBase="C:\Workspace\common-ci\caching-dotnet\FiftyOne.Caching.Tests\bin\Release\net6.0\win-Any CPU\FiftyOne.Caching.Tests.dll" adapterTypeName="executor://mstestadapter/v2" className="FiftyOne.Caching.Tests.LoadingDictionaryTests" name="LoadingDictionary_TryGetFailedIsRemoved" />
    </UnitTest>
    <UnitTest name="LruPutCache_LruPolicyCheck" storage="c:\workspace\common-ci\caching-dotnet\fiftyone.caching.tests\bin\release\net6.0\win-any cpu\fiftyone.caching.tests.dll" id="1bf629fb-583d-68fe-1daf-400f056dc864">
      <Execution id="15255632-1422-433b-8e6a-8481dd8a2e89" />
      <TestMethod codeBase="C:\Workspace\common-ci\caching-dotnet\FiftyOne.Caching.Tests\bin\Release\net6.0\win-Any CPU\FiftyOne.Caching.Tests.dll" adapterTypeName="executor://mstestadapter/v2" className="FiftyOne.Caching.Tests.LruPutCacheTests" name="LruPutCache_LruPolicyCheck" />
    </UnitTest>
    <UnitTest name="TlruPutCache_Expired" storage="c:\workspace\common-ci\caching-dotnet\fiftyone.caching.tests\bin\release\net6.0\win-any cpu\fiftyone.caching.tests.dll" id="da9e0e7e-a4a7-264a-d5ab-eac80476c3be">
      <Execution id="41b2908b-af2d-46df-8003-e9fc7888d8f6" />
      <TestMethod codeBase="C:\Workspace\common-ci\caching-dotnet\FiftyOne.Caching.Tests\bin\Release\net6.0\win-Any CPU\FiftyOne.Caching.Tests.dll" adapterTypeName="executor://mstestadapter/v2" className="FiftyOne.Caching.Tests.LruPutCacheTests" name="TlruPutCache_Expired" />
    </UnitTest>
    <UnitTest name="LoadingDictionary_GetFailedIsRemoved" storage="c:\workspace\common-ci\caching-dotnet\fiftyone.caching.tests\bin\release\net6.0\win-any cpu\fiftyone.caching.tests.dll" id="93e63913-83e4-03ae-e905-7ea46895e36c">
      <Execution id="eb2f8e5f-6d2e-4f94-a134-a308da05604e" />
      <TestMethod codeBase="C:\Workspace\common-ci\caching-dotnet\FiftyOne.Caching.Tests\bin\Release\net6.0\win-Any CPU\FiftyOne.Caching.Tests.dll" adapterTypeName="executor://mstestadapter/v2" className="FiftyOne.Caching.Tests.LoadingDictionaryTests" name="LoadingDictionary_GetFailedIsRemoved" />
    </UnitTest>
    <UnitTest name="LoadingDictionary_TryGetConcurrentHits" storage="c:\workspace\common-ci\caching-dotnet\fiftyone.caching.tests\bin\release\net6.0\win-any cpu\fiftyone.caching.tests.dll" id="56c72f1b-edf2-fd6b-22f7-c96ea3c275e0">
      <Execution id="c4d1f948-4724-43b9-9e95-8dac8706b631" />
      <TestMethod codeBase="C:\Workspace\common-ci\caching-dotnet\FiftyOne.Caching.Tests\bin\Release\net6.0\win-Any CPU\FiftyOne.Caching.Tests.dll" adapterTypeName="executor://mstestadapter/v2" className="FiftyOne.Caching.Tests.LoadingDictionaryTests" name="LoadingDictionary_TryGetConcurrentHits" />
    </UnitTest>
    <UnitTest name="LoadingDictionary_GetCanceledIsNotReused" storage="c:\workspace\common-ci\caching-dotnet\fiftyone.caching.tests\bin\release\net6.0\win-any cpu\fiftyone.caching.tests.dll" id="2ce94b39-cf49-aa92-2bef-de2d9094c4f5">
      <Execution id="154bc987-a0e3-482f-b333-922063195571" />
      <TestMethod codeBase="C:\Workspace\common-ci\caching-dotnet\FiftyOne.Caching.Tests\bin\Release\net6.0\win-Any CPU\FiftyOne.Caching.Tests.dll" adapterTypeName="executor://mstestadapter/v2" className="FiftyOne.Caching.Tests.LoadingDictionaryTests" name="LoadingDictionary_GetCanceledIsNotReused" />
    </UnitTest>
    <UnitTest name="LruPutCache_HighConcurrency" storage="c:\workspace\common-ci\caching-dotnet\fiftyone.caching.tests\bin\release\net6.0\win-any cpu\fiftyone.caching.tests.dll" id="24b303b9-0604-58d8-63bb-004eb98d9338">
      <Execution id="eec4bf06-aafc-414a-b092-f4cc8552915a" />
      <TestMethod codeBase="C:\Workspace\common-ci\caching-dotnet\FiftyOne.Caching.Tests\bin\Release\net6.0\win-Any CPU\FiftyOne.Caching.Tests.dll" adapterTypeName="executor://mstestadapter/v2" className="FiftyOne.Caching.Tests.LruPutCacheTests" name="LruPutCache_HighConcurrency" />
    </UnitTest>
    <UnitTest name="LoadingDictionary_TryGetCanceledIsRemoved" storage="c:\workspace\common-ci\caching-dotnet\fiftyone.caching.tests\bin\release\net6.0\win-any cpu\fiftyone.caching.tests.dll" id="78cf17e1-f5b8-45c4-3609-615d5a19083d">
      <Execution id="75a48eef-ea76-4bd4-9026-c76d2bb4d1aa" />
      <TestMethod codeBase="C:\Workspace\common-ci\caching-dotnet\FiftyOne.Caching.Tests\bin\Release\net6.0\win-Any CPU\FiftyOne.Caching.Tests.dll" adapterTypeName="executor://mstestadapter/v2" className="FiftyOne.Caching.Tests.LoadingDictionaryTests" name="LoadingDictionary_TryGetCanceledIsRemoved" />
    </UnitTest>
    <UnitTest name="LruPutCache_DontReplace" storage="c:\workspace\common-ci\caching-dotnet\fiftyone.caching.tests\bin\release\net6.0\win-any cpu\fiftyone.caching.tests.dll" id="56deebfb-5e45-deff-f83c-b2d9455a2811">
      <Execution id="cd1b70de-4b7d-4454-9c1f-8a91ba8f21b7" />
      <TestMethod codeBase="C:\Workspace\common-ci\caching-dotnet\FiftyOne.Caching.Tests\bin\Release\net6.0\win-Any CPU\FiftyOne.Caching.Tests.dll" adapterTypeName="executor://mstestadapter/v2" className="FiftyOne.Caching.Tests.LruPutCacheTests" name="LruPutCache_DontReplace" />
    </UnitTest>
    <UnitTest name="LoadingDictionary_TryGetHit" storage="c:\workspace\common-ci\caching-dotnet\fiftyone.caching.tests\bin\release\net6.0\win-any cpu\fiftyone.caching.tests.dll" id="4b8fb7c5-d08d-a628-e7a2-bb7423b0a1ed">
      <Execution id="268599e3-6445-43cd-b922-e0d2d6e481c3" />
      <TestMethod codeBase="C:\Workspace\common-ci\caching-dotnet\FiftyOne.Caching.Tests\bin\Release\net6.0\win-Any CPU\FiftyOne.Caching.Tests.dll" adapterTypeName="executor://mstestadapter/v2" className="FiftyOne.Caching.Tests.LoadingDictionaryTests" name="LoadingDictionary_TryGetHit" />
    </UnitTest>
    <UnitTest name="LoadingDictionary_GetConcurrentMisses" storage="c:\workspace\common-ci\caching-dotnet\fiftyone.caching.tests\bin\release\net6.0\win-any cpu\fiftyone.caching.tests.dll" id="3fb98693-c293-79d2-69ed-14a7460fd432">
      <Execution id="7a74795a-ad6f-4d71-88f4-0e0aa0dfe653" />
      <TestMethod codeBase="C:\Workspace\common-ci\caching-dotnet\FiftyOne.Caching.Tests\bin\Release\net6.0\win-Any CPU\FiftyOne.Caching.Tests.dll" adapterTypeName="executor://mstestadapter/v2" className="FiftyOne.Caching.Tests.LoadingDictionaryTests" name="LoadingDictionary_GetConcurrentMisses" />
    </UnitTest>
    <UnitTest name="LoadingDictionary_GetMiss" storage="c:\workspace\common-ci\caching-dotnet\fiftyone.caching.tests\bin\release\net6.0\win-any cpu\fiftyone.caching.tests.dll" id="4c39a085-b22a-ab21-2d67-1e620ae3ad52">
      <Execution id="d7f5e0bd-703b-4538-b739-6f5257fd909d" />
      <TestMethod codeBase="C:\Workspace\common-ci\caching-dotnet\FiftyOne.Caching.Tests\bin\Release\net6.0\win-Any CPU\FiftyOne.Caching.Tests.dll" adapterTypeName="executor://mstestadapter/v2" className="FiftyOne.Caching.Tests.LoadingDictionaryTests" name="LoadingDictionary_GetMiss" />
    </UnitTest>
    <UnitTest name="TlruLoadingCache_NotExpired" storage="c:\workspace\common-ci\caching-dotnet\fiftyone.caching.tests\bin\release\net6.0\win-any cpu\fiftyone.caching.tests.dll" id="52713616-6f2b-1e03-71da-5f0ed03999a2">
      <Execution id="6416d913-e5a1-4ebf-b592-554b0821010b" />
      <TestMethod codeBase="C:\Workspace\common-ci\caching-dotnet\FiftyOne.Caching.Tests\bin\Release\net6.0\win-Any CPU\FiftyOne.Caching.Tests.dll" adapterTypeName="executor://mstestadapter/v2" className="FiftyOne.Caching.Tests.LruLoadingCacheTests" name="TlruLoadingCache_NotExpired" />
    </UnitTest>
    <UnitTest name="LruLoadingCache_Get" storage="c:\workspace\common-ci\caching-dotnet\fiftyone.caching.tests\bin\release\net6.0\win-any cpu\fiftyone.caching.tests.dll" id="bd30edd6-d01e-2aa2-f694-73376019a23d">
      <Execution id="5efa872e-8de6-4df9-bab3-fd719c732b1b" />
      <TestMethod codeBase="C:\Workspace\common-ci\caching-dotnet\FiftyOne.Caching.Tests\bin\Release\net6.0\win-Any CPU\FiftyOne.Caching.Tests.dll" adapterTypeName="executor://mstestadapter/v2" className="FiftyOne.Caching.Tests.LruLoadingCacheTests" name="LruLoadingCache_Get" />
    </UnitTest>
    <UnitTest name="LoadingDictionary_GetNull" storage="c:\workspace\common-ci\caching-dotnet\fiftyone.caching.tests\bin\release\net6.0\win-any cpu\fiftyone.caching.tests.dll" id="037ea59d-fd4b-7c03-4314-4fec064ddc63">
      <Execution id="fc3c6cfb-94f7-4526-90de-9bc4fdcbee4f" />
      <TestMethod codeBase="C:\Workspace\common-ci\caching-dotnet\FiftyOne.Caching.Tests\bin\Release\net6.0\win-Any CPU\FiftyOne.Caching.Tests.dll" adapterTypeName="executor://mstestadapter/v2" className="FiftyOne.Caching.Tests.LoadingDictionaryTests" name="LoadingDictionary_GetNull" />
    </UnitTest>
    <UnitTest name="LruPutCache_Replace_MultipleLists" storage="c:\workspace\common-ci\caching-dotnet\fiftyone.caching.tests\bin\release\net6.0\win-any cpu\fiftyone.caching.tests.dll" id="9ac3c376-2aea-0350-d594-7262fbb56c71">
      <Execution id="4274cf92-39a5-4f14-a284-1e4bc42af2cc" />
      <TestMethod codeBase="C:\Workspace\common-ci\caching-dotnet\FiftyOne.Caching.Tests\bin\Release\net6.0\win-Any CPU\FiftyOne.Caching.Tests.dll" adapterTypeName="executor://mstestadapter/v2" className="FiftyOne.Caching.Tests.LruPutCacheTests" name="LruPutCache_Replace_MultipleLists" />
    </UnitTest>
    <UnitTest name="LoadingDictionary_TryGetNull" storage="c:\workspace\common-ci\caching-dotnet\fiftyone.caching.tests\bin\release\net6.0\win-any cpu\fiftyone.caching.tests.dll" id="0a1deece-9c5f-9738-5749-4e02c5a720da">
      <Execution id="47b910fa-7352-44b5-9061-049ef11ca2f6" />
      <TestMethod codeBase="C:\Workspace\common-ci\caching-dotnet\FiftyOne.Caching.Tests\bin\Release\net6.0\win-Any CPU\FiftyOne.Caching.Tests.dll" adapterTypeName="executor://mstestadapter/v2" className="FiftyOne.Caching.Tests.LoadingDictionaryTests" name="LoadingDictionary_TryGetNull" />
    </UnitTest>
    <UnitTest name="LoadingDictionary_TryGetCancelled" storage="c:\workspace\common-ci\caching-dotnet\fiftyone.caching.tests\bin\release\net6.0\win-any cpu\fiftyone.caching.tests.dll" id="64088fd4-a221-bae7-1b21-840a5198ae08">
      <Execution id="a448974a-85ac-4ca6-aded-535b8aae7ff2" />
      <TestMethod codeBase="C:\Workspace\common-ci\caching-dotnet\FiftyOne.Caching.Tests\bin\Release\net6.0\win-Any CPU\FiftyOne.Caching.Tests.dll" adapterTypeName="executor://mstestadapter/v2" className="FiftyOne.Caching.Tests.LoadingDictionaryTests" name="LoadingDictionary_TryGetCancelled" />
    </UnitTest>
    <UnitTest name="LoadingDictionary_TryGetUnresponsive" storage="c:\workspace\common-ci\caching-dotnet\fiftyone.caching.tests\bin\release\net6.0\win-any cpu\fiftyone.caching.tests.dll" id="5ac31012-53b3-3d59-f6d2-310e75de4fb0">
      <Execution id="f7d57b52-d8c7-48ea-82df-71d813b78447" />
      <TestMethod codeBase="C:\Workspace\common-ci\caching-dotnet\FiftyOne.Caching.Tests\bin\Release\net6.0\win-Any CPU\FiftyOne.Caching.Tests.dll" adapterTypeName="executor://mstestadapter/v2" className="FiftyOne.Caching.Tests.LoadingDictionaryTests" name="LoadingDictionary_TryGetUnresponsive" />
    </UnitTest>
    <UnitTest name="LoadingDictionary_GetHit" storage="c:\workspace\common-ci\caching-dotnet\fiftyone.caching.tests\bin\release\net6.0\win-any cpu\fiftyone.caching.tests.dll" id="940b38b4-fefe-5936-ccd2-62727a14af7a">
      <Execution id="2e5b3467-fff9-4b9a-84ef-199b05e045b8" />
      <TestMethod codeBase="C:\Workspace\common-ci\caching-dotnet\FiftyOne.Caching.Tests\bin\Release\net6.0\win-Any CPU\FiftyOne.Caching.Tests.dll" adapterTypeName="executor://mstestadapter/v2" className="FiftyOne.Caching.Tests.LoadingDictionaryTests" name="LoadingDictionary_GetHit" />
    </UnitTest>
    <UnitTest name="LoadingDictionary_GetNotPreloaded" storage="c:\workspace\common-ci\caching-dotnet\fiftyone.caching.tests\bin\release\net6.0\win-any cpu\fiftyone.caching.tests.dll" id="63b63416-b643-cb9f-0639-95d9e303082d">
      <Execution id="6bd782c4-513b-4b89-a78e-6fb978cf9d02" />
      <TestMethod codeBase="C:\Workspace\common-ci\caching-dotnet\FiftyOne.Caching.Tests\bin\Release\net6.0\win-Any CPU\FiftyOne.Caching.Tests.dll" adapterTypeName="executor://mstestadapter/v2" className="FiftyOne.Caching.Tests.LoadingDictionaryTests" name="LoadingDictionary_GetNotPreloaded" />
    </UnitTest>
    <UnitTest name="LoadingDictionary_TryGetNotPreloaded" storage="c:\workspace\common-ci\caching-dotnet\fiftyone.caching.tests\bin\release\net6.0\win-any cpu\fiftyone.caching.tests.dll" id="ce8b55f0-1556-17bc-2b93-aaf714b0b932">
      <Execution id="f5ad28fb-09c4-4a31-83ff-1cb602a62894" />
      <TestMethod codeBase="C:\Workspace\common-ci\caching-dotnet\FiftyOne.Caching.Tests\bin\Release\net6.0\win-Any CPU\FiftyOne.Caching.Tests.dll" adapterTypeName="executor://mstestadapter/v2" className="FiftyOne.Caching.Tests.LoadingDictionaryTests" name="LoadingDictionary_TryGetNotPreloaded" />
    </UnitTest>
    <UnitTest name="LruPutCache_Replace" storage="c:\workspace\common-ci\caching-dotnet\fiftyone.caching.tests\bin\release\net6.0\win-any cpu\fiftyone.caching.tests.dll" id="31d0f209-80f9-3b46-eb0a-144b8ce92b95">
      <Execution id="17407e8b-3b98-4eff-82cd-d2b03722880d" />
      <TestMethod codeBase="C:\Workspace\common-ci\caching-dotnet\FiftyOne.Caching.Tests\bin\Release\net6.0\win-Any CPU\FiftyOne.Caching.Tests.dll" adapterTypeName="executor://mstestadapter/v2" className="FiftyOne.Caching.Tests.LruPutCacheTests" name="LruPutCache_Replace" />
    </UnitTest>
    <UnitTest name="LruPutCache_NoValue" storage="c:\workspace\common-ci\caching-dotnet\fiftyone.caching.tests\bin\release\net6.0\win-any cpu\fiftyone.caching.tests.dll" id="fe0773a0-d73e-9781-de11-824ce054c695">
      <Execution id="88171926-a019-4039-8fa4-071247491ff5" />
      <TestMethod codeBase="C:\Workspace\common-ci\caching-dotnet\FiftyOne.Caching.Tests\bin\Release\net6.0\win-Any CPU\FiftyOne.Caching.Tests.dll" adapterTypeName="executor://mstestadapter/v2" className="FiftyOne.Caching.Tests.LruPutCacheTests" name="LruPutCache_NoValue" />
    </UnitTest>
    <UnitTest name="LoadingDictionary_GetPreloaded" storage="c:\workspace\common-ci\caching-dotnet\fiftyone.caching.tests\bin\release\net6.0\win-any cpu\fiftyone.caching.tests.dll" id="4b3894d6-4328-f03c-0874-90872abb2da3">
      <Execution id="b3d7dbf1-2b00-48b5-b535-5093f5586c20" />
      <TestMethod codeBase="C:\Workspace\common-ci\caching-dotnet\FiftyOne.Caching.Tests\bin\Release\net6.0\win-Any CPU\FiftyOne.Caching.Tests.dll" adapterTypeName="executor://mstestadapter/v2" className="FiftyOne.Caching.Tests.LoadingDictionaryTests" name="LoadingDictionary_GetPreloaded" />
    </UnitTest>
    <UnitTest name="LruPutCache_LruPolicyCheck2" storage="c:\workspace\common-ci\caching-dotnet\fiftyone.caching.tests\bin\release\net6.0\win-any cpu\fiftyone.caching.tests.dll" id="09a302c9-35de-1781-fb44-fb0d541353fa">
      <Execution id="8b9ddf3b-d079-4ba8-bdb5-e062cddd1644" />
      <TestMethod codeBase="C:\Workspace\common-ci\caching-dotnet\FiftyOne.Caching.Tests\bin\Release\net6.0\win-Any CPU\FiftyOne.Caching.Tests.dll" adapterTypeName="executor://mstestadapter/v2" className="FiftyOne.Caching.Tests.LruPutCacheTests" name="LruPutCache_LruPolicyCheck2" />
    </UnitTest>
    <UnitTest name="LoadingDictionary_GetFails" storage="c:\workspace\common-ci\caching-dotnet\fiftyone.caching.tests\bin\release\net6.0\win-any cpu\fiftyone.caching.tests.dll" id="4f04b602-b18f-8c81-ba66-1909002535cf">
      <Execution id="8e69f008-4b15-44f2-b49e-668f0556d08c" />
      <TestMethod codeBase="C:\Workspace\common-ci\caching-dotnet\FiftyOne.Caching.Tests\bin\Release\net6.0\win-Any CPU\FiftyOne.Caching.Tests.dll" adapterTypeName="executor://mstestadapter/v2" className="FiftyOne.Caching.Tests.LoadingDictionaryTests" name="LoadingDictionary_GetFails" />
    </UnitTest>
    <UnitTest name="LoadingDictionary_GetCancelled" storage="c:\workspace\common-ci\caching-dotnet\fiftyone.caching.tests\bin\release\net6.0\win-any cpu\fiftyone.caching.tests.dll" id="3a64ed2b-7e48-66c4-092c-1da67d59aca6">
      <Execution id="922be8f7-b45d-400a-9c37-d8ea486ac7ef" />
      <TestMethod codeBase="C:\Workspace\common-ci\caching-dotnet\FiftyOne.Caching.Tests\bin\Release\net6.0\win-Any CPU\FiftyOne.Caching.Tests.dll" adapterTypeName="executor://mstestadapter/v2" className="FiftyOne.Caching.Tests.LoadingDictionaryTests" name="LoadingDictionary_GetCancelled" />
    </UnitTest>
    <UnitTest name="LoadingDictionary_GetConcurrentHits" storage="c:\workspace\common-ci\caching-dotnet\fiftyone.caching.tests\bin\release\net6.0\win-any cpu\fiftyone.caching.tests.dll" id="76fcf80d-1cfa-d9fc-77ff-dfd09a133dc8">
      <Execution id="49ea9402-fe93-4b55-b5b9-dcf87f6ca249" />
      <TestMethod codeBase="C:\Workspace\common-ci\caching-dotnet\FiftyOne.Caching.Tests\bin\Release\net6.0\win-Any CPU\FiftyOne.Caching.Tests.dll" adapterTypeName="executor://mstestadapter/v2" className="FiftyOne.Caching.Tests.LoadingDictionaryTests" name="LoadingDictionary_GetConcurrentHits" />
    </UnitTest>
    <UnitTest name="TlruLoadingCache_Expired" storage="c:\workspace\common-ci\caching-dotnet\fiftyone.caching.tests\bin\release\net6.0\win-any cpu\fiftyone.caching.tests.dll" id="93246dfe-256a-6986-edc4-04fb0b730e76">
      <Execution id="6b7b8a8f-b59a-4f3f-a037-75d980ac596d" />
      <TestMethod codeBase="C:\Workspace\common-ci\caching-dotnet\FiftyOne.Caching.Tests\bin\Release\net6.0\win-Any CPU\FiftyOne.Caching.Tests.dll" adapterTypeName="executor://mstestadapter/v2" className="FiftyOne.Caching.Tests.LruLoadingCacheTests" name="TlruLoadingCache_Expired" />
    </UnitTest>
  </TestDefinitions>
  <TestEntries>
    <TestEntry testId="037ea59d-fd4b-7c03-4314-4fec064ddc63" executionId="fc3c6cfb-94f7-4526-90de-9bc4fdcbee4f" testListId="8c84fa94-04c1-424b-9868-57a2d4851a1d" />
    <TestEntry testId="93246dfe-256a-6986-edc4-04fb0b730e76" executionId="6b7b8a8f-b59a-4f3f-a037-75d980ac596d" testListId="8c84fa94-04c1-424b-9868-57a2d4851a1d" />
    <TestEntry testId="b0228bc5-eea3-9553-218b-297952c637a7" executionId="4c3a1caf-249c-4149-8e1f-add835a488f5" testListId="8c84fa94-04c1-424b-9868-57a2d4851a1d" />
    <TestEntry testId="3fb98693-c293-79d2-69ed-14a7460fd432" executionId="7a74795a-ad6f-4d71-88f4-0e0aa0dfe653" testListId="8c84fa94-04c1-424b-9868-57a2d4851a1d" />
    <TestEntry testId="9ac3c376-2aea-0350-d594-7262fbb56c71" executionId="4274cf92-39a5-4f14-a284-1e4bc42af2cc" testListId="8c84fa94-04c1-424b-9868-57a2d4851a1d" />
    <TestEntry testId="4344d754-5f4b-f9ac-a53a-6a3c02da65d2" executionId="4744ac89-a49c-4d42-b5da-382382f98703" testListId="8c84fa94-04c1-424b-9868-57a2d4851a1d" />
    <TestEntry testId="ce8b55f0-1556-17bc-2b93-aaf714b0b932" executionId="f5ad28fb-09c4-4a31-83ff-1cb602a62894" testListId="8c84fa94-04c1-424b-9868-57a2d4851a1d" />
    <TestEntry testId="9cdecb1d-6c9f-1f9b-99e6-37be079dd57d" executionId="c623315b-c2ca-419e-8bac-d83c2ba27aba" testListId="8c84fa94-04c1-424b-9868-57a2d4851a1d" />
    <TestEntry testId="08fda307-b19d-5b05-c134-386585cd9adb" executionId="02011b28-572e-4b31-93fc-0648d87a22af" testListId="8c84fa94-04c1-424b-9868-57a2d4851a1d" />
    <TestEntry testId="0a1deece-9c5f-9738-5749-4e02c5a720da" executionId="47b910fa-7352-44b5-9061-049ef11ca2f6" testListId="8c84fa94-04c1-424b-9868-57a2d4851a1d" />
    <TestEntry testId="8ea1e32e-c6a6-3303-d694-f2b4a3fb8998" executionId="72cf704c-60ad-4805-abb8-2f4a1697ea89" testListId="8c84fa94-04c1-424b-9868-57a2d4851a1d" />
    <TestEntry testId="76fcf80d-1cfa-d9fc-77ff-dfd09a133dc8" executionId="49ea9402-fe93-4b55-b5b9-dcf87f6ca249" testListId="8c84fa94-04c1-424b-9868-57a2d4851a1d" />
    <TestEntry testId="4c39a085-b22a-ab21-2d67-1e620ae3ad52" executionId="d7f5e0bd-703b-4538-b739-6f5257fd909d" testListId="8c84fa94-04c1-424b-9868-57a2d4851a1d" />
    <TestEntry testId="63b63416-b643-cb9f-0639-95d9e303082d" executionId="6bd782c4-513b-4b89-a78e-6fb978cf9d02" testListId="8c84fa94-04c1-424b-9868-57a2d4851a1d" />
    <TestEntry testId="940b38b4-fefe-5936-ccd2-62727a14af7a" executionId="2e5b3467-fff9-4b9a-84ef-199b05e045b8" testListId="8c84fa94-04c1-424b-9868-57a2d4851a1d" />
    <TestEntry testId="07effa94-37f2-1cfc-2957-685f3942b1fb" executionId="356ec8fd-f561-4f64-97ac-9c3517090854" testListId="8c84fa94-04c1-424b-9868-57a2d4851a1d" />
    <TestEntry testId="bd30edd6-d01e-2aa2-f694-73376019a23d" executionId="5efa872e-8de6-4df9-bab3-fd719c732b1b" testListId="8c84fa94-04c1-424b-9868-57a2d4851a1d" />
    <TestEntry testId="09a302c9-35de-1781-fb44-fb0d541353fa" executionId="8b9ddf3b-d079-4ba8-bdb5-e062cddd1644" testListId="8c84fa94-04c1-424b-9868-57a2d4851a1d" />
    <TestEntry testId="1bf629fb-583d-68fe-1daf-400f056dc864" executionId="15255632-1422-433b-8e6a-8481dd8a2e89" testListId="8c84fa94-04c1-424b-9868-57a2d4851a1d" />
    <TestEntry testId="56c72f1b-edf2-fd6b-22f7-c96ea3c275e0" executionId="c4d1f948-4724-43b9-9e95-8dac8706b631" testListId="8c84fa94-04c1-424b-9868-57a2d4851a1d" />
    <TestEntry testId="fe0773a0-d73e-9781-de11-824ce054c695" executionId="88171926-a019-4039-8fa4-071247491ff5" testListId="8c84fa94-04c1-424b-9868-57a2d4851a1d" />
    <TestEntry testId="52713616-6f2b-1e03-71da-5f0ed03999a2" executionId="6416d913-e5a1-4ebf-b592-554b0821010b" testListId="8c84fa94-04c1-424b-9868-57a2d4851a1d" />
    <TestEntry testId="2ce94b39-cf49-aa92-2bef-de2d9094c4f5" executionId="154bc987-a0e3-482f-b333-922063195571" testListId="8c84fa94-04c1-424b-9868-57a2d4851a1d" />
    <TestEntry testId="5ac31012-53b3-3d59-f6d2-310e75de4fb0" executionId="f7d57b52-d8c7-48ea-82df-71d813b78447" testListId="8c84fa94-04c1-424b-9868-57a2d4851a1d" />
    <TestEntry testId="4b3894d6-4328-f03c-0874-90872abb2da3" executionId="b3d7dbf1-2b00-48b5-b535-5093f5586c20" testListId="8c84fa94-04c1-424b-9868-57a2d4851a1d" />
    <TestEntry testId="da9e0e7e-a4a7-264a-d5ab-eac80476c3be" executionId="41b2908b-af2d-46df-8003-e9fc7888d8f6" testListId="8c84fa94-04c1-424b-9868-57a2d4851a1d" />
    <TestEntry testId="e9888bac-48c6-1ed9-0f05-1dbb32d39144" executionId="2b7747d6-0e29-4753-a627-48d7a6521724" testListId="8c84fa94-04c1-424b-9868-57a2d4851a1d" />
    <TestEntry testId="93e63913-83e4-03ae-e905-7ea46895e36c" executionId="eb2f8e5f-6d2e-4f94-a134-a308da05604e" testListId="8c84fa94-04c1-424b-9868-57a2d4851a1d" />
    <TestEntry testId="4f04b602-b18f-8c81-ba66-1909002535cf" executionId="8e69f008-4b15-44f2-b49e-668f0556d08c" testListId="8c84fa94-04c1-424b-9868-57a2d4851a1d" />
    <TestEntry testId="78cf17e1-f5b8-45c4-3609-615d5a19083d" executionId="75a48eef-ea76-4bd4-9026-c76d2bb4d1aa" testListId="8c84fa94-04c1-424b-9868-57a2d4851a1d" />
    <TestEntry testId="85a26747-5105-1506-3e15-d0f43007be56" executionId="63785601-62f5-4ebd-8e67-ae11320ecbca" testListId="8c84fa94-04c1-424b-9868-57a2d4851a1d" />
    <TestEntry testId="e0891eb8-99f2-d050-8ad8-0eea79145e1c" executionId="b8c85557-f9a0-4490-b35d-5f4030fc18d4" testListId="8c84fa94-04c1-424b-9868-57a2d4851a1d" />
    <TestEntry testId="4b8fb7c5-d08d-a628-e7a2-bb7423b0a1ed" executionId="268599e3-6445-43cd-b922-e0d2d6e481c3" testListId="8c84fa94-04c1-424b-9868-57a2d4851a1d" />
    <TestEntry testId="31d0f209-80f9-3b46-eb0a-144b8ce92b95" executionId="17407e8b-3b98-4eff-82cd-d2b03722880d" testListId="8c84fa94-04c1-424b-9868-57a2d4851a1d" />
    <TestEntry testId="3a64ed2b-7e48-66c4-092c-1da67d59aca6" executionId="922be8f7-b45d-400a-9c37-d8ea486ac7ef" testListId="8c84fa94-04c1-424b-9868-57a2d4851a1d" />
    <TestEntry testId="64088fd4-a221-bae7-1b21-840a5198ae08" executionId="a448974a-85ac-4ca6-aded-535b8aae7ff2" testListId="8c84fa94-04c1-424b-9868-57a2d4851a1d" />
    <TestEntry testId="24b303b9-0604-58d8-63bb-004eb98d9338" executionId="eec4bf06-aafc-414a-b092-f4cc8552915a" testListId="8c84fa94-04c1-424b-9868-57a2d4851a1d" />
    <TestEntry testId="56deebfb-5e45-deff-f83c-b2d9455a2811" executionId="cd1b70de-4b7d-4454-9c1f-8a91ba8f21b7" testListId="8c84fa94-04c1-424b-9868-57a2d4851a1d" />
  </TestEntries>
  <TestLists>
    <TestList name="Results Not in a List" id="8c84fa94-04c1-424b-9868-57a2d4851a1d" />
    <TestList name="All Loaded Results" id="19431567-8539-422a-85d7-44ee4e166bda" />
  </TestLists>
  <ResultSummary outcome="Completed">
    <Counters total="38" executed="38" passed="38" failed="0" error="0" timeout="0" aborted="0" inconclusive="0" passedButRunAborted="0" notRunnable="0" notExecuted="0" disconnected="0" warning="0" completed="0" inProgress="0" pending="0" />
  </ResultSummary>
</TestRun>